#
# There is insufficient memory for the Java Runtime Environment to continue.
# Native memory allocation (malloc) failed to allocate 1247808 bytes for Chunk::new
# Possible reasons:
#   The system is out of physical RAM or swap space
#   In 32 bit mode, the process size limit was hit
# Possible solutions:
#   Reduce memory load on the system
#   Increase physical memory or swap space
#   Check if swap backing store is full
#   Use 64 bit Java on a 64 bit OS
#   Decrease Java heap size (-Xmx/-Xms)
#   Decrease number of Java threads
#   Decrease Java thread stack sizes (-Xss)
#   Set larger code cache with -XX:ReservedCodeCacheSize=
# This output file may be truncated or incomplete.
#
#  Out of Memory Error (allocation.cpp:390), pid=11240, tid=0x00000000000027ec
#
# JRE version: OpenJDK Runtime Environment (8.0_112-b06) (build 1.8.0_112-release-b06)
# Java VM: OpenJDK 64-Bit Server VM (25.112-b06 mixed mode windows-amd64 compressed oops)
# Failed to write core dump. Minidumps are not enabled by default on client versions of Windows
#

---------------  T H R E A D  ---------------

Current thread (0x00000000574af000):  JavaThread "C2 CompilerThread0" daemon [_thread_in_native, id=10220, stack(0x00000000590a0000,0x00000000591a0000)]

Stack: [0x00000000590a0000,0x00000000591a0000]
[error occurred during error reporting (printing stack bounds), id 0xc0000005]

Native frames: (J=compiled Java code, j=interpreted, Vv=VM code, C=native code)


Current CompileTask:
C2:    475  791 %     4       net.orfjackal.retrolambda.asm.ClassReader::readCode @ 1413 (3351 bytes)


---------------  P R O C E S S  ---------------

Java Threads: ( => current thread )
  0x000000005895e000 JavaThread "Service Thread" daemon [_thread_blocked, id=6496, stack(0x0000000059450000,0x0000000059550000)]
  0x00000000588eb800 JavaThread "C1 CompilerThread2" daemon [_thread_blocked, id=10328, stack(0x0000000059330000,0x0000000059430000)]
  0x00000000588e6800 JavaThread "C2 CompilerThread1" daemon [_thread_in_native, id=11632, stack(0x00000000591c0000,0x00000000592c0000)]
=>0x00000000574af000 JavaThread "C2 CompilerThread0" daemon [_thread_in_native, id=10220, stack(0x00000000590a0000,0x00000000591a0000)]
  0x00000000588c2800 JavaThread "Attach Listener" daemon [_thread_blocked, id=3796, stack(0x0000000058cb0000,0x0000000058db0000)]
  0x00000000574a3000 JavaThread "Signal Dispatcher" daemon [_thread_blocked, id=8040, stack(0x0000000058df0000,0x0000000058ef0000)]
  0x000000005748e800 JavaThread "Finalizer" daemon [_thread_blocked, id=13884, stack(0x00000000587b0000,0x00000000588b0000)]
  0x0000000057447800 JavaThread "Reference Handler" daemon [_thread_blocked, id=12724, stack(0x0000000058640000,0x0000000058740000)]
  0x0000000001bbe000 JavaThread "main" [_thread_in_vm, id=12584, stack(0x0000000002690000,0x0000000002790000)]

Other Threads:
  0x0000000057440000 VMThread [stack: 0x0000000058480000,0x0000000058580000] [id=7424]
  0x000000005898a800 WatcherThread [stack: 0x0000000058f70000,0x0000000059070000] [id=10064]

VM state:not at safepoint (normal execution)

VM Mutex/Monitor currently owned by a thread: None

Heap:
 PSYoungGen      total 38400K, used 8112K [0x00000000d5a00000, 0x00000000da500000, 0x0000000100000000)
  eden space 33280K, 9% used [0x00000000d5a00000,0x00000000d5ced4e8,0x00000000d7a80000)
  from space 5120K, 99% used [0x00000000d7a80000,0x00000000d7f7eb60,0x00000000d7f80000)
  to   space 5120K, 0% used [0x00000000da000000,0x00000000da000000,0x00000000da500000)
 ParOldGen       total 87552K, used 4973K [0x0000000080e00000, 0x0000000086380000, 0x00000000d5a00000)
  object space 87552K, 5% used [0x0000000080e00000,0x00000000812db680,0x0000000086380000)
 Metaspace       used 7158K, capacity 7428K, committed 7680K, reserved 1056768K
  class space    used 844K, capacity 948K, committed 1024K, reserved 1048576K

Card table byte_map: [0x0000000011b50000,0x0000000011f50000] byte_map_base: 0x0000000011749000

Marking Bits: (ParMarkBitMap*) 0x00000000601418f0
 Begin Bits: [0x0000000012720000, 0x00000000146e8000)
 End Bits:   [0x00000000146e8000, 0x00000000166b0000)

Polling page: 0x0000000000340000

CodeCache: size=245760Kb used=3428Kb max_used=3428Kb free=242331Kb
 bounds [0x0000000002790000, 0x0000000002af0000, 0x0000000011790000]
 total_blobs=1216 nmethods=908 adapters=220
 compilation: enabled

Compilation events (10 events):
Event: 0.468 Thread 0x00000000588eb800 nmethod 905 0x0000000002adc990 code [0x0000000002adcb20, 0x0000000002adceb0]
Event: 0.468 Thread 0x00000000588eb800  906       3       java.util.LinkedHashMap$LinkedEntrySet::iterator (12 bytes)
Event: 0.468 Thread 0x00000000588eb800 nmethod 906 0x0000000002add050 code [0x0000000002add1c0, 0x0000000002add4d0]
Event: 0.468 Thread 0x00000000588eb800  907   !   3       net.orfjackal.retrolambda.lambdas.BackportLambdaInvocations::resetLambdaClassSequenceNumber (50 bytes)
Event: 0.469 Thread 0x00000000588eb800 nmethod 907 0x0000000002add650 code [0x0000000002add920, 0x0000000002ade938]
Event: 0.471 Thread 0x00000000588eb800  908       3       sun.reflect.ClassFileAssembler::emitByte (11 bytes)
Event: 0.471 Thread 0x00000000588eb800 nmethod 908 0x0000000002adf510 code [0x0000000002adf680, 0x0000000002adf848]
Event: 0.471 Thread 0x00000000588eb800  909       3       sun.reflect.ByteVectorImpl::add (38 bytes)
Event: 0.471 Thread 0x00000000588eb800 nmethod 909 0x0000000002adf950 code [0x0000000002adfac0, 0x0000000002adfce8]
Event: 0.473 Thread 0x00000000588eb800  910   !   3       java.net.URL::<init> (543 bytes)

GC Heap History (2 events):
Event: 0.444 GC heap before
{Heap before GC invocations=1 (full 0):
 PSYoungGen      total 38400K, used 33280K [0x00000000d5a00000, 0x00000000d8480000, 0x0000000100000000)
  eden space 33280K, 100% used [0x00000000d5a00000,0x00000000d7a80000,0x00000000d7a80000)
  from space 5120K, 0% used [0x00000000d7f80000,0x00000000d7f80000,0x00000000d8480000)
  to   space 5120K, 0% used [0x00000000d7a80000,0x00000000d7a80000,0x00000000d7f80000)
 ParOldGen       total 87552K, used 0K [0x0000000080e00000, 0x0000000086380000, 0x00000000d5a00000)
  object space 87552K, 0% used [0x0000000080e00000,0x0000000080e00000,0x0000000086380000)
 Metaspace       used 6905K, capacity 7212K, committed 7296K, reserved 1056768K
  class space    used 789K, capacity 880K, committed 896K, reserved 1048576K
Event: 0.452 GC heap after
Heap after GC invocations=1 (full 0):
 PSYoungGen      total 38400K, used 5114K [0x00000000d5a00000, 0x00000000da500000, 0x0000000100000000)
  eden space 33280K, 0% used [0x00000000d5a00000,0x00000000d5a00000,0x00000000d7a80000)
  from space 5120K, 99% used [0x00000000d7a80000,0x00000000d7f7eb60,0x00000000d7f80000)
  to   space 5120K, 0% used [0x00000000da000000,0x00000000da000000,0x00000000da500000)
 ParOldGen       total 87552K, used 4973K [0x0000000080e00000, 0x0000000086380000, 0x00000000d5a00000)
  object space 87552K, 5% used [0x0000000080e00000,0x00000000812db680,0x0000000086380000)
 Metaspace       used 6905K, capacity 7212K, committed 7296K, reserved 1056768K
  class space    used 789K, capacity 880K, committed 896K, reserved 1048576K
}

Deoptimization events (10 events):
Event: 0.275 Thread 0x0000000001bbe000 Uncommon trap: reason=class_check action=maybe_recompile pc=0x000000000296e2dc method=net.orfjackal.retrolambda.asm.ClassReader.readField(Lnet/orfjackal/retrolambda/asm/ClassVisitor;Lnet/orfjackal/retrolambda/asm/Context;I)I @ 351
Event: 0.275 Thread 0x0000000001bbe000 Uncommon trap: reason=class_check action=maybe_recompile pc=0x000000000296e2dc method=net.orfjackal.retrolambda.asm.ClassReader.readField(Lnet/orfjackal/retrolambda/asm/ClassVisitor;Lnet/orfjackal/retrolambda/asm/Context;I)I @ 351
Event: 0.275 Thread 0x0000000001bbe000 Uncommon trap: reason=class_check action=maybe_recompile pc=0x000000000296e2dc method=net.orfjackal.retrolambda.asm.ClassReader.readField(Lnet/orfjackal/retrolambda/asm/ClassVisitor;Lnet/orfjackal/retrolambda/asm/Context;I)I @ 351
Event: 0.277 Thread 0x0000000001bbe000 Uncommon trap: reason=unstable_if action=reinterpret pc=0x0000000002941f0c method=net.orfjackal.retrolambda.asm.ClassReader.readUTF(II[C)Ljava/lang/String; @ 77
Event: 0.279 Thread 0x0000000001bbe000 Uncommon trap: reason=unstable_if action=reinterpret pc=0x00000000028f4248 method=net.orfjackal.retrolambda.asm.ClassReader.readUTF(II[C)Ljava/lang/String; @ 77
Event: 0.351 Thread 0x0000000001bbe000 Uncommon trap: reason=unstable_if action=reinterpret pc=0x00000000028b3438 method=sun.nio.fs.WindowsPathParser.isSlash(C)Z @ 9
Event: 0.401 Thread 0x0000000001bbe000 Uncommon trap: reason=bimorphic action=maybe_recompile pc=0x0000000002a94aac method=net.orfjackal.retrolambda.asm.ClassReader.readField(Lnet/orfjackal/retrolambda/asm/ClassVisitor;Lnet/orfjackal/retrolambda/asm/Context;I)I @ 351
Event: 0.404 Thread 0x0000000001bbe000 Uncommon trap: reason=bimorphic action=maybe_recompile pc=0x0000000002a94aac method=net.orfjackal.retrolambda.asm.ClassReader.readField(Lnet/orfjackal/retrolambda/asm/ClassVisitor;Lnet/orfjackal/retrolambda/asm/Context;I)I @ 351
Event: 0.406 Thread 0x0000000001bbe000 Uncommon trap: reason=bimorphic action=maybe_recompile pc=0x0000000002a94aac method=net.orfjackal.retrolambda.asm.ClassReader.readField(Lnet/orfjackal/retrolambda/asm/ClassVisitor;Lnet/orfjackal/retrolambda/asm/Context;I)I @ 351
Event: 0.419 Thread 0x0000000001bbe000 Uncommon trap: reason=bimorphic action=maybe_recompile pc=0x0000000002a94aac method=net.orfjackal.retrolambda.asm.ClassReader.readField(Lnet/orfjackal/retrolambda/asm/ClassVisitor;Lnet/orfjackal/retrolambda/asm/Context;I)I @ 351

Internal exceptions (10 events):
Event: 0.360 Thread 0x0000000001bbe000 Exception <a 'sun/nio/fs/WindowsException'> (0x00000000d6ecda80) thrown at [C:\src\android\AOSP-openjdk\external\jetbrains\jdk\hotspot\src\share\vm\prims\jni.cpp, line 709]
Event: 0.363 Thread 0x0000000001bbe000 Exception <a 'sun/nio/fs/WindowsException'> (0x00000000d6edb1d8) thrown at [C:\src\android\AOSP-openjdk\external\jetbrains\jdk\hotspot\src\share\vm\prims\jni.cpp, line 709]
Event: 0.404 Thread 0x0000000001bbe000 Exception <a 'sun/nio/fs/WindowsException'> (0x00000000d74fb870) thrown at [C:\src\android\AOSP-openjdk\external\jetbrains\jdk\hotspot\src\share\vm\prims\jni.cpp, line 709]
Event: 0.406 Thread 0x0000000001bbe000 Exception <a 'sun/nio/fs/WindowsException'> (0x00000000d7511190) thrown at [C:\src\android\AOSP-openjdk\external\jetbrains\jdk\hotspot\src\share\vm\prims\jni.cpp, line 709]
Event: 0.420 Thread 0x0000000001bbe000 Exception <a 'sun/nio/fs/WindowsException'> (0x00000000d76d9e10) thrown at [C:\src\android\AOSP-openjdk\external\jetbrains\jdk\hotspot\src\share\vm\prims\jni.cpp, line 709]
Event: 0.423 Thread 0x0000000001bbe000 Exception <a 'sun/nio/fs/WindowsException'> (0x00000000d7700978) thrown at [C:\src\android\AOSP-openjdk\external\jetbrains\jdk\hotspot\src\share\vm\prims\jni.cpp, line 709]
Event: 0.425 Thread 0x0000000001bbe000 Exception <a 'sun/nio/fs/WindowsException'> (0x00000000d7712a88) thrown at [C:\src\android\AOSP-openjdk\external\jetbrains\jdk\hotspot\src\share\vm\prims\jni.cpp, line 709]
Event: 0.426 Thread 0x0000000001bbe000 Exception <a 'sun/nio/fs/WindowsException'> (0x00000000d771f1f8) thrown at [C:\src\android\AOSP-openjdk\external\jetbrains\jdk\hotspot\src\share\vm\prims\jni.cpp, line 709]
Event: 0.430 Thread 0x0000000001bbe000 Exception <a 'sun/nio/fs/WindowsException'> (0x00000000d7732ab0) thrown at [C:\src\android\AOSP-openjdk\external\jetbrains\jdk\hotspot\src\share\vm\prims\jni.cpp, line 709]
Event: 0.454 Thread 0x0000000001bbe000 Exception <a 'sun/nio/fs/WindowsException'> (0x00000000d5a23ee8) thrown at [C:\src\android\AOSP-openjdk\external\jetbrains\jdk\hotspot\src\share\vm\prims\jni.cpp, line 709]

Events (10 events):
Event: 0.471 loading class sun/reflect/Label$PatchInfo
Event: 0.471 loading class sun/reflect/Label$PatchInfo done
Event: 0.471 loading class sun/reflect/MethodAccessorGenerator$1
Event: 0.471 loading class sun/reflect/MethodAccessorGenerator$1 done
Event: 0.471 loading class sun/reflect/ClassDefiner
Event: 0.471 loading class sun/reflect/ClassDefiner done
Event: 0.471 loading class sun/reflect/ClassDefiner$1
Event: 0.471 loading class sun/reflect/ClassDefiner$1 done
Event: 0.471 loading class sun/reflect/BootstrapConstructorAccessorImpl
Event: 0.471 loading class sun/reflect/BootstrapConstructorAccessorImpl done


Dynamic libraries:
0x000000013f420000 - 0x000000013f451000 	D:\install\Android\Android Studio\jre\bin\java.exe
0x0000000077b40000 - 0x0000000077cea000 	C:\Windows\SYSTEM32\ntdll.dll
0x0000000077920000 - 0x0000000077a3f000 	C:\Windows\system32\kernel32.dll
0x000007fefe310000 - 0x000007fefe37a000 	C:\Windows\system32\KERNELBASE.dll
0x000007feffb80000 - 0x000007feffc5b000 	C:\Windows\system32\ADVAPI32.dll
0x000007fefeb60000 - 0x000007fefebff000 	C:\Windows\system32\msvcrt.dll
0x000007fefea60000 - 0x000007fefea7f000 	C:\Windows\SYSTEM32\sechost.dll
0x000007feffd20000 - 0x000007feffe4d000 	C:\Windows\system32\RPCRT4.dll
0x0000000077a40000 - 0x0000000077b3a000 	C:\Windows\system32\USER32.dll
0x000007fefed30000 - 0x000007fefed97000 	C:\Windows\system32\GDI32.dll
0x000007feffd10000 - 0x000007feffd1e000 	C:\Windows\system32\LPK.dll
0x000007fefe510000 - 0x000007fefe5db000 	C:\Windows\system32\USP10.dll
0x000007fefc7e0000 - 0x000007fefc9d4000 	C:\Windows\WinSxS\amd64_microsoft.windows.common-controls_6595b64144ccf1df_6.0.7601.18837_none_fa3b1e3d17594757\COMCTL32.dll
0x000007fefe490000 - 0x000007fefe501000 	C:\Windows\system32\SHLWAPI.dll
0x000007fefeda0000 - 0x000007fefedce000 	C:\Windows\system32\IMM32.DLL
0x000007fefe380000 - 0x000007fefe489000 	C:\Windows\system32\MSCTF.dll
0x0000000060920000 - 0x00000000609f2000 	D:\install\Android\Android Studio\jre\jre\bin\msvcr100.dll
0x000000005f980000 - 0x00000000601bc000 	D:\install\Android\Android Studio\jre\jre\bin\server\jvm.dll
0x000007fef4c10000 - 0x000007fef4c19000 	C:\Windows\system32\WSOCK32.dll
0x000007fefec60000 - 0x000007fefecad000 	C:\Windows\system32\WS2_32.dll
0x000007feffd00000 - 0x000007feffd08000 	C:\Windows\system32\NSI.dll
0x000007fefb220000 - 0x000007fefb25b000 	C:\Windows\system32\WINMM.dll
0x000007fefd0e0000 - 0x000007fefd0ec000 	C:\Windows\system32\VERSION.dll
0x0000000077d10000 - 0x0000000077d17000 	C:\Windows\system32\PSAPI.DLL
0x000007fef1d50000 - 0x000007fef1d5f000 	D:\install\Android\Android Studio\jre\jre\bin\verify.dll
0x000007fef1d20000 - 0x000007fef1d49000 	D:\install\Android\Android Studio\jre\jre\bin\java.dll
0x000007fef1d00000 - 0x000007fef1d16000 	D:\install\Android\Android Studio\jre\jre\bin\zip.dll
0x000007fefedd0000 - 0x000007feffb5a000 	C:\Windows\system32\SHELL32.dll
0x000007fefe5e0000 - 0x000007fefe7dc000 	C:\Windows\system32\ole32.dll
0x000007fefdfb0000 - 0x000007fefdfbf000 	C:\Windows\system32\profapi.dll
0x000007fef1c50000 - 0x000007fef1c6a000 	D:\install\Android\Android Studio\jre\jre\bin\net.dll
0x000007fefd7d0000 - 0x000007fefd825000 	C:\Windows\system32\mswsock.dll
0x000007fefd7c0000 - 0x000007fefd7c7000 	C:\Windows\System32\wship6.dll
0x000007fef1c70000 - 0x000007fef1c81000 	D:\install\Android\Android Studio\jre\jre\bin\nio.dll

VM Arguments:
jvm_args: -Dretrolambda.bytecodeVersion=50 -Dretrolambda.classpath=D:\project\BestHouse\baselib\build\intermediates\bundles\default\classes.jar;C:\Users\Administrator\.android\build-cache\8ecf6e9ca0589036f8fd98dac93db39f20e3e1f2\output\jars\classes.jar;C:\Users\Administrator\.android\build-cache\f8c2f258714050cbe00de2edcf1a096f88b0d215\output\jars\classes.jar;C:\Users\Administrator\.android\build-cache\3a80f5ff48741f1a7efb3ea597726809fb007987\output\jars\classes.jar;C:\Users\Administrator\.android\build-cache\1225df956148a2077911d381153ba065b7bbeb6c\output\jars\classes.jar;C:\Users\Administrator\.android\build-cache\2f9c27b6914f9b8691e9c6398eaaebd06432930e\output\jars\classes.jar;C:\Users\Administrator\.android\build-cache\8948219fb1ad4718ba969480dede7d91201c80f0\output\jars\classes.jar;C:\Users\Administrator\.gradle\caches\modules-2\files-2.1\junit\junit\4.12\2973d150c0dc1fefe998f834810d68f278ea58ec\junit-4.12.jar;C:\Users\Administrator\.gradle\caches\modules-2\files-2.1\org.hamcrest\hamcrest-core\1.3\42a25dc3219429f0e5d060061f71acb49bf010a0\hamcrest-core-1.3.jar;D:\install\Android\Android Studio\gradle\m2repository\net\sf\kxml\kxml2\2.3.0\kxml2-2.3.0.jar;C:\Users\Administrator\.android\build-cache\fb567c7c9a28e7fe97d75e2f6a0dd40ad54ceedd\output\jars\classes.jar;C:\Users\Administrator\.android\build-cache\2cb228cacc811f3d35647e4249cf29a3ca8fb8af\output\jars\classes.jar;C:\Users\Administrator\.android\build-cache\a5642e8e723f1b0d18dc5adee25736ac99704242\output\jars\classes.jar;C:\Users\Administrator\.gradle\caches\modules-2\files-2.1\commons-cli\commons-cli\1.2\2bf96b7aa8b611c177d329452af1dc933e14501c\commons-cli-1.2.jar;C:\Users\Administrator\.gradle\caches\modules-2\files-2.1\com.google.code.findbugs\jsr305\2.0.1\516c03b21d50a644d538de0f0369c620989cd8f0\jsr305-2.0.1.jar;C:\Users\Administrator\.gradle\caches\modules-2\files-2.1\com.squareup.retrofit2\adapter-rxjava2\2.4.0\9286ea8ac29dc3822cca03291259db825e118506\adapter-rxjava2-2.4.0.jar;C:\Users\Administrator\.gradle\caches\modules-2\files-2.1\io.reactive-Dretrolambda.inputDir=D:\project\BestHouse\commponent\build\retrolambda\release -Dretrolambda.outputDir=D:\project\BestHouse\commponent\build\intermediates\classes\release -Dfile.encoding=GBK -Duser.country=CN -Duser.language=zh -Duser.variant 
java_command: net.orfjackal.retrolambda.Main
java_class_path (initial): C:\Users\Administrator\.gradle\caches\modules-2\files-2.1\net.orfjackal.retrolambda\retrolambda\2.0.6\222dd3b86257569bf8bbec5a1a5179a6413da7b6\retrolambda-2.0.6.jar
Launcher Type: SUN_STANDARD

Environment Variables:
JAVA_HOME=D:\install\Java\jdk1.8.0_144
CLASSPATH=.;D:\install\Java\jdk1.8.0_144\lib\dt.jar;D:\install\Java\jdk1.8.0_144\lib\tools.jar;
PATH=D:\install\Java\jdk1.8.0_144\bin;D:\install\Java\jdk1.8.0_144\jre\bin;C:\ProgramData\Oracle\Java\javapath;C:\Windows\system32;C:\Windows;C:\Windows\System32\Wbem;C:\Windows\System32\WindowsPowerShell\v1.0\;C:\Program Files\TortoiseSVN\bin;D:\install\Git\cmd;D:\install\Android\AppData\Local\Android\sdk1\platform-tools;D:\install\Android\AppData\Local\Android\sdk1\tools;
USERNAME=Administrator
OS=Windows_NT
PROCESSOR_IDENTIFIER=Intel64 Family 6 Model 158 Stepping 9, GenuineIntel



---------------  S Y S T E M  ---------------

OS: Windows 7 , 64 bit Build 7601 (6.1.7601.23915)

CPU:total 4 (4 cores per cpu, 1 threads per core) family 6 model 158 stepping 9, cmov, cx8, fxsr, mmx, sse, sse2, sse3, ssse3, sse4.1, sse4.2, popcnt, avx, avx2, aes, clmul, erms, 3dnowpref, lzcnt, tsc, tscinvbit, bmi1, bmi2, adx

Memory: 4k page, physical 8323752k(765492k free), swap 8321892k(6288k free)

vm_info: OpenJDK 64-Bit Server VM (25.112-b06) for windows-amd64 JRE (1.8.0_112-release-b06), built on Dec  8 2016 00:54:26 by "builder" with MS VC++ 10.0 (VS2010)

time: Fri Jul 06 15:45:18 2018
elapsed time: 0 seconds (0d 0h 0m 0s)

