#
# There is insufficient memory for the Java Runtime Environment to continue.
# Native memory allocation (malloc) failed to allocate 1048576 bytes for AllocateHeap
# Possible reasons:
#   The system is out of physical RAM or swap space
#   In 32 bit mode, the process size limit was hit
# Possible solutions:
#   Reduce memory load on the system
#   Increase physical memory or swap space
#   Check if swap backing store is full
#   Use 64 bit Java on a 64 bit OS
#   Decrease Java heap size (-Xmx/-Xms)
#   Decrease number of Java threads
#   Decrease Java thread stack sizes (-Xss)
#   Set larger code cache with -XX:ReservedCodeCacheSize=
# This output file may be truncated or incomplete.
#
#  Out of Memory Error (memory/allocation.inline.hpp:61), pid=4632, tid=0x0000000000001fe4
#
# JRE version:  (8.0_112-b06) (build )
# Java VM: OpenJDK 64-Bit Server VM (25.112-b06 mixed mode windows-amd64 compressed oops)
# Failed to write core dump. Minidumps are not enabled by default on client versions of Windows
#

---------------  T H R E A D  ---------------

Current thread (0x00000000022bb800):  JavaThread "Unknown thread" [_thread_in_vm, id=8164, stack(0x00000000023d0000,0x00000000024d0000)]

Stack: [0x00000000023d0000,0x00000000024d0000]
[error occurred during error reporting (printing stack bounds), id 0xc0000005]

Native frames: (J=compiled Java code, j=interpreted, Vv=VM code, C=native code)


---------------  P R O C E S S  ---------------

Java Threads: ( => current thread )

Other Threads:

=>0x00000000022bb800 (exited) JavaThread "Unknown thread" [_thread_in_vm, id=8164, stack(0x00000000023d0000,0x00000000024d0000)]

VM state:not at safepoint (normal execution)

VM Mutex/Monitor currently owned by a thread: None

Heap:
 PSYoungGen      total 38400K, used 665K [0x00000000d5a00000, 0x00000000d8480000, 0x0000000100000000)
  eden space 33280K, 2% used [0x00000000d5a00000,0x00000000d5aa6670,0x00000000d7a80000)
  from space 5120K, 0% used [0x00000000d7f80000,0x00000000d7f80000,0x00000000d8480000)
  to   space 5120K, 0% used [0x00000000d7a80000,0x00000000d7a80000,0x00000000d7f80000)
 ParOldGen       total 87552K, used 0K [0x0000000080e00000, 0x0000000086380000, 0x00000000d5a00000)
  object space 87552K, 0% used [0x0000000080e00000,0x0000000080e00000,0x0000000086380000)
 Metaspace       used 783K, capacity 1156K, committed 1408K, reserved 1060864K
  class space    used 73K, capacity 384K, committed 384K, reserved 1048576K

Card table byte_map: [0x00000000119d0000,0x0000000011dd0000] byte_map_base: 0x00000000115c9000

Marking Bits: (ParMarkBitMap*) 0x000000005fb418f0
 Begin Bits: [0x0000000012750000, 0x0000000014718000)
 End Bits:   [0x0000000014718000, 0x00000000166e0000)

Polling page: 0x0000000000430000

CodeCache: size=245760Kb used=328Kb max_used=328Kb free=245431Kb
 bounds [0x0000000002610000, 0x0000000002880000, 0x0000000011610000]
 total_blobs=57 nmethods=0 adapters=38
 compilation: enabled

Compilation events (0 events):
No events

GC Heap History (0 events):
No events

Deoptimization events (0 events):
No events

Internal exceptions (0 events):
No events

Events (10 events):
Event: 0.026 loading class java/lang/Short
Event: 0.026 loading class java/lang/Short done
Event: 0.026 loading class java/lang/Integer
Event: 0.026 loading class java/lang/Integer done
Event: 0.026 loading class java/lang/Long
Event: 0.026 loading class java/lang/Long done
Event: 0.026 loading class java/lang/NullPointerException
Event: 0.026 loading class java/lang/NullPointerException done
Event: 0.026 loading class java/lang/ArithmeticException
Event: 0.026 loading class java/lang/ArithmeticException done


Dynamic libraries:
0x000000013f110000 - 0x000000013f141000 	D:\install\Android\Android Studio\jre\bin\java.exe
0x00000000778b0000 - 0x0000000077a5a000 	C:\Windows\SYSTEM32\ntdll.dll
0x00000000771b0000 - 0x00000000772cf000 	C:\Windows\system32\kernel32.dll
0x000007fefe080000 - 0x000007fefe0ea000 	C:\Windows\system32\KERNELBASE.dll
0x000007feff820000 - 0x000007feff8fb000 	C:\Windows\system32\ADVAPI32.dll
0x000007feff5a0000 - 0x000007feff63f000 	C:\Windows\system32\msvcrt.dll
0x000007feff3b0000 - 0x000007feff3cf000 	C:\Windows\SYSTEM32\sechost.dll
0x000007feffa90000 - 0x000007feffbbd000 	C:\Windows\system32\RPCRT4.dll
0x00000000772d0000 - 0x00000000773ca000 	C:\Windows\system32\USER32.dll
0x000007fefe3c0000 - 0x000007fefe427000 	C:\Windows\system32\GDI32.dll
0x000007fefe430000 - 0x000007fefe43e000 	C:\Windows\system32\LPK.dll
0x000007fefe2f0000 - 0x000007fefe3bb000 	C:\Windows\system32\USP10.dll
0x000007fefc690000 - 0x000007fefc884000 	C:\Windows\WinSxS\amd64_microsoft.windows.common-controls_6595b64144ccf1df_6.0.7601.18837_none_fa3b1e3d17594757\COMCTL32.dll
0x000007feff4f0000 - 0x000007feff561000 	C:\Windows\system32\SHLWAPI.dll
0x000007feffa60000 - 0x000007feffa8e000 	C:\Windows\system32\IMM32.DLL
0x000007feff950000 - 0x000007feffa59000 	C:\Windows\system32\MSCTF.dll
0x0000000060320000 - 0x00000000603f2000 	D:\install\Android\Android Studio\jre\jre\bin\msvcr100.dll
0x000000005f380000 - 0x000000005fbbc000 	D:\install\Android\Android Studio\jre\jre\bin\server\jvm.dll
0x000007fef3e20000 - 0x000007fef3e29000 	C:\Windows\system32\WSOCK32.dll
0x000007feff900000 - 0x000007feff94d000 	C:\Windows\system32\WS2_32.dll
0x000007feff570000 - 0x000007feff578000 	C:\Windows\system32\NSI.dll
0x000007fefaf90000 - 0x000007fefafcb000 	C:\Windows\system32\WINMM.dll
0x000007fefce50000 - 0x000007fefce5c000 	C:\Windows\system32\VERSION.dll
0x0000000077a80000 - 0x0000000077a87000 	C:\Windows\system32\PSAPI.DLL
0x000007fef0d30000 - 0x000007fef0d3f000 	D:\install\Android\Android Studio\jre\jre\bin\verify.dll
0x000007fef0d00000 - 0x000007fef0d29000 	D:\install\Android\Android Studio\jre\jre\bin\java.dll
0x000007fef0750000 - 0x000007fef0766000 	D:\install\Android\Android Studio\jre\jre\bin\zip.dll

VM Arguments:
jvm_args: -Dretrolambda.bytecodeVersion=50 -Dretrolambda.classpath=C:\Users\Administrator\.android\build-cache\8ecf6e9ca0589036f8fd98dac93db39f20e3e1f2\output\jars\classes.jar;C:\Users\Administrator\.android\build-cache\f8c2f258714050cbe00de2edcf1a096f88b0d215\output\jars\classes.jar;C:\Users\Administrator\.android\build-cache\25407aa4be84f73cfc70c573fb8619437d94660a\output\jars\classes.jar;C:\Users\Administrator\.android\build-cache\49a288c65adfcd3ca9357c87da8de1c0a8872c62\output\jars\classes.jar;C:\Users\Administrator\.android\build-cache\ca71c69218174e53f40ad476b3dc44cf7ff1c38d\output\jars\classes.jar;C:\Users\Administrator\.android\build-cache\3a80f5ff48741f1a7efb3ea597726809fb007987\output\jars\classes.jar;C:\Users\Administrator\.android\build-cache\1225df956148a2077911d381153ba065b7bbeb6c\output\jars\classes.jar;C:\Users\Administrator\.android\build-cache\2f9c27b6914f9b8691e9c6398eaaebd06432930e\output\jars\classes.jar;C:\Users\Administrator\.android\build-cache\8948219fb1ad4718ba969480dede7d91201c80f0\output\jars\classes.jar;C:\Users\Administrator\.gradle\caches\modules-2\files-2.1\junit\junit\4.12\2973d150c0dc1fefe998f834810d68f278ea58ec\junit-4.12.jar;C:\Users\Administrator\.gradle\caches\modules-2\files-2.1\org.hamcrest\hamcrest-core\1.3\42a25dc3219429f0e5d060061f71acb49bf010a0\hamcrest-core-1.3.jar;D:\install\Android\Android Studio\gradle\m2repository\net\sf\kxml\kxml2\2.3.0\kxml2-2.3.0.jar;C:\Users\Administrator\.android\build-cache\fb567c7c9a28e7fe97d75e2f6a0dd40ad54ceedd\output\jars\classes.jar;C:\Users\Administrator\.android\build-cache\2cb228cacc811f3d35647e4249cf29a3ca8fb8af\output\jars\classes.jar;C:\Users\Administrator\.android\build-cache\a5642e8e723f1b0d18dc5adee25736ac99704242\output\jars\classes.jar;C:\Users\Administrator\.gradle\caches\modules-2\files-2.1\commons-cli\commons-cli\1.2\2bf96b7aa8b611c177d329452af1dc933e14501c\commons-cli-1.2.jar;C:\Users\Administrator\.gradle\caches\modules-2\files-2.1\com.google.code.findbugs\jsr305\2.0.1\516c03b21d50a644d538de0f0369c620989cd8f0\jsr305-Dretrolambda.inputDir=D:\project\BestHouse\baselib\build\retrolambda\release -Dretrolambda.outputDir=D:\project\BestHouse\baselib\build\intermediates\classes\release -Dfile.encoding=GBK -Duser.country=CN -Duser.language=zh -Duser.variant 
java_command: net.orfjackal.retrolambda.Main
java_class_path (initial): C:\Users\Administrator\.gradle\caches\modules-2\files-2.1\net.orfjackal.retrolambda\retrolambda\2.0.6\222dd3b86257569bf8bbec5a1a5179a6413da7b6\retrolambda-2.0.6.jar
Launcher Type: SUN_STANDARD

Environment Variables:
JAVA_HOME=D:\install\Java\jdk1.8.0_144
CLASSPATH=.;D:\install\Java\jdk1.8.0_144\lib\dt.jar;D:\install\Java\jdk1.8.0_144\lib\tools.jar;
PATH=D:\install\Java\jdk1.8.0_144\bin;D:\install\Java\jdk1.8.0_144\jre\bin;C:\ProgramData\Oracle\Java\javapath;C:\Windows\system32;C:\Windows;C:\Windows\System32\Wbem;C:\Windows\System32\WindowsPowerShell\v1.0\;C:\Program Files\TortoiseSVN\bin;D:\install\Git\cmd;D:\install\Android\AppData\Local\Android\sdk1\platform-tools;D:\install\Android\AppData\Local\Android\sdk1\tools;
USERNAME=Administrator
OS=Windows_NT
PROCESSOR_IDENTIFIER=Intel64 Family 6 Model 158 Stepping 9, GenuineIntel



---------------  S Y S T E M  ---------------

OS: Windows 7 , 64 bit Build 7601 (6.1.7601.23915)

CPU:total 4 (4 cores per cpu, 1 threads per core) family 6 model 158 stepping 9, cmov, cx8, fxsr, mmx, sse, sse2, sse3, ssse3, sse4.1, sse4.2, popcnt, avx, avx2, aes, clmul, erms, 3dnowpref, lzcnt, tsc, tscinvbit, bmi1, bmi2, adx

Memory: 4k page, physical 8323752k(875824k free), swap 8321892k(5380k free)

vm_info: OpenJDK 64-Bit Server VM (25.112-b06) for windows-amd64 JRE (1.8.0_112-release-b06), built on Dec  8 2016 00:54:26 by "builder" with MS VC++ 10.0 (VS2010)

time: Mon Jul 02 17:59:24 2018
elapsed time: 0 seconds (0d 0h 0m 0s)

